SF:lib/scenes/splash_screen/data/repositories/splash_screen_repository.dart
DA:16,1
DA:17,3
DA:21,1
DA:22,2
DA:23,3
DA:27,1
DA:28,3
LF:7
LH:7
end_of_record
SF:lib/scenes/splash_screen/data/services/splash_screen_service.dart
DA:17,1
DA:18,3
DA:22,1
DA:23,3
DA:27,1
DA:28,3
LF:6
LH:6
end_of_record
SF:lib/scenes/splash_screen/domain/use_cases/create_default_question_if_needed_use_case.dart
DA:14,1
DA:15,3
DA:17,3
DA:18,1
DA:19,1
DA:23,1
DA:28,1
DA:33,1
DA:38,1
DA:42,1
DA:47,1
DA:52,1
DA:57,1
DA:62,1
DA:68,2
DA:69,2
LF:16
LH:16
end_of_record
SF:lib/scenes/splash_screen/view/splash_screen_view.dart
DA:7,1
DA:8,1
DA:12,1
DA:14,1
DA:15,3
DA:18,1
DA:20,1
DA:22,1
DA:23,1
DA:24,1
DA:25,1
LF:11
LH:11
end_of_record
SF:lib/scenes/splash_screen/view/splash_screen_view_model.dart
DA:12,0
DA:13,0
DA:14,0
DA:15,0
LF:4
LH:0
end_of_record
